Started GET "/" for 127.0.0.1 at 2017-07-26 11:06:47 +0700
Processing by StaticPagesController#home as HTML
  Rendering static_pages/home.html.erb within layouts/application
  Rendered static_pages/home.html.erb within layouts/application (0.8ms)
Completed 200 OK in 375ms (Views: 206.3ms)


Started GET "/static_pages/home" for 127.0.0.1 at 2017-07-26 11:06:48 +0700
Processing by StaticPagesController#home as HTML
  Rendering static_pages/home.html.erb within layouts/application
  Rendered static_pages/home.html.erb within layouts/application (0.6ms)
Completed 200 OK in 24ms (Views: 22.0ms)


Started GET "/static_pages/help" for 127.0.0.1 at 2017-07-26 11:06:51 +0700
Processing by StaticPagesController#help as HTML
  Rendering static_pages/help.html.erb within layouts/application
  Rendered static_pages/help.html.erb within layouts/application (0.6ms)
Completed 200 OK in 25ms (Views: 23.6ms)


Started GET "/static_pages/about" for 127.0.0.1 at 2017-07-26 11:06:59 +0700
Processing by StaticPagesController#about as HTML
  Rendering static_pages/about.html.erb within layouts/application
  Rendered static_pages/about.html.erb within layouts/application (0.9ms)
Completed 200 OK in 34ms (Views: 32.4ms)


Started GET "/" for 127.0.0.1 at 2017-07-26 11:07:03 +0700
Processing by StaticPagesController#home as HTML
  Rendering static_pages/home.html.erb within layouts/application
  Rendered static_pages/home.html.erb within layouts/application (1.1ms)
Completed 200 OK in 26ms (Views: 24.2ms)


Started GET "/" for 127.0.0.1 at 2017-07-26 12:45:32 +0700
Processing by StaticPagesController#home as HTML
  Rendering static_pages/home.html.erb within layouts/application
  Rendered static_pages/home.html.erb within layouts/application (1.6ms)
Completed 200 OK in 594ms (Views: 375.3ms)


Started GET "/help" for 127.0.0.1 at 2017-07-26 12:45:37 +0700

ActionController::RoutingError (No route matches [GET] "/help"):

actionpack (5.1.2) lib/action_dispatch/middleware/debug_exceptions.rb:63:in `call'
web-console (3.5.1) lib/web_console/middleware.rb:135:in `call_app'
web-console (3.5.1) lib/web_console/middleware.rb:28:in `block in call'
web-console (3.5.1) lib/web_console/middleware.rb:18:in `catch'
web-console (3.5.1) lib/web_console/middleware.rb:18:in `call'
actionpack (5.1.2) lib/action_dispatch/middleware/show_exceptions.rb:31:in `call'
railties (5.1.2) lib/rails/rack/logger.rb:36:in `call_app'
railties (5.1.2) lib/rails/rack/logger.rb:24:in `block in call'
activesupport (5.1.2) lib/active_support/tagged_logging.rb:69:in `block in tagged'
activesupport (5.1.2) lib/active_support/tagged_logging.rb:26:in `tagged'
activesupport (5.1.2) lib/active_support/tagged_logging.rb:69:in `tagged'
railties (5.1.2) lib/rails/rack/logger.rb:24:in `call'
sprockets-rails (3.2.0) lib/sprockets/rails/quiet_assets.rb:13:in `call'
actionpack (5.1.2) lib/action_dispatch/middleware/remote_ip.rb:79:in `call'
actionpack (5.1.2) lib/action_dispatch/middleware/request_id.rb:25:in `call'
rack (2.0.3) lib/rack/method_override.rb:22:in `call'
rack (2.0.3) lib/rack/runtime.rb:22:in `call'
activesupport (5.1.2) lib/active_support/cache/strategy/local_cache_middleware.rb:27:in `call'
actionpack (5.1.2) lib/action_dispatch/middleware/executor.rb:12:in `call'
actionpack (5.1.2) lib/action_dispatch/middleware/static.rb:125:in `call'
rack (2.0.3) lib/rack/sendfile.rb:111:in `call'
railties (5.1.2) lib/rails/engine.rb:522:in `call'
puma (3.9.1) lib/puma/configuration.rb:224:in `call'
puma (3.9.1) lib/puma/server.rb:602:in `handle_request'
puma (3.9.1) lib/puma/server.rb:435:in `process_client'
puma (3.9.1) lib/puma/server.rb:299:in `block in run'
puma (3.9.1) lib/puma/thread_pool.rb:120:in `block in spawn_thread'
Started GET "/static_pages/home" for 127.0.0.1 at 2017-07-26 12:45:40 +0700
Processing by StaticPagesController#home as HTML
  Rendering static_pages/home.html.erb within layouts/application
  Rendered static_pages/home.html.erb within layouts/application (0.5ms)
Completed 200 OK in 18ms (Views: 16.4ms)


Started GET "/static_pages/help" for 127.0.0.1 at 2017-07-26 12:45:43 +0700
Processing by StaticPagesController#help as HTML
  Rendering static_pages/help.html.erb within layouts/application
  Rendered static_pages/help.html.erb within layouts/application (0.4ms)
Completed 200 OK in 20ms (Views: 18.5ms)


Started GET "/static_pages/about" for 127.0.0.1 at 2017-07-26 12:45:50 +0700
Processing by StaticPagesController#about as HTML
  Rendering static_pages/about.html.erb within layouts/application
  Rendered static_pages/about.html.erb within layouts/application (0.4ms)
Completed 200 OK in 21ms (Views: 19.4ms)


Started GET "/static_pages/home" for 127.0.0.1 at 2017-07-26 14:30:20 +0700
Processing by StaticPagesController#home as HTML
  Rendering static_pages/home.html.erb within layouts/application
  Rendered static_pages/home.html.erb within layouts/application (1.6ms)
Completed 200 OK in 342ms (Views: 171.4ms)


Started GET "/static_pages/about" for 127.0.0.1 at 2017-07-26 14:30:34 +0700
Processing by StaticPagesController#about as HTML
  Rendering static_pages/about.html.erb within layouts/application
  Rendered static_pages/about.html.erb within layouts/application (0.7ms)
Completed 200 OK in 22ms (Views: 20.2ms)


Started GET "/static_pages/about" for 127.0.0.1 at 2017-07-26 14:30:50 +0700
Processing by StaticPagesController#about as HTML
  Rendering static_pages/about.html.erb within layouts/application
  Rendered static_pages/about.html.erb within layouts/application (0.5ms)
Completed 200 OK in 17ms (Views: 16.1ms)


Started GET "/" for 127.0.0.1 at 2017-07-26 14:52:21 +0700
Processing by StaticPagesController#home as HTML
  Rendering static_pages/home.html.erb within layouts/application
  Rendered static_pages/home.html.erb within layouts/application (0.5ms)
Completed 200 OK in 18ms (Views: 16.7ms)


Started GET "/" for 127.0.0.1 at 2017-07-26 16:58:03 +0700
Processing by StaticPagesController#home as HTML
  Rendering static_pages/home.html.erb within layouts/application
  Rendered static_pages/home.html.erb within layouts/application (0.3ms)
Completed 200 OK in 31ms (Views: 30.4ms)


Started GET "/" for 127.0.0.1 at 2017-07-26 16:58:34 +0700
Processing by StaticPagesController#home as HTML
  Rendering static_pages/home.html.erb within layouts/application
  Rendered static_pages/home.html.erb within layouts/application (0.4ms)
Completed 200 OK in 17ms (Views: 16.0ms)


Started GET "/" for 127.0.0.1 at 2017-07-28 08:24:24 +0700
Processing by StaticPagesController#home as HTML
  Rendering static_pages/home.html.erb within layouts/application
  Rendered static_pages/home.html.erb within layouts/application (1.4ms)
Completed 200 OK in 351ms (Views: 193.5ms)


Started GET "/" for 127.0.0.1 at 2017-07-28 08:24:24 +0700
Processing by StaticPagesController#home as HTML
  Rendering static_pages/home.html.erb within layouts/application
  Rendered static_pages/home.html.erb within layouts/application (0.5ms)
Completed 200 OK in 21ms (Views: 19.6ms)


Started GET "/static_pages/home" for 127.0.0.1 at 2017-07-28 08:24:28 +0700
Processing by StaticPagesController#home as HTML
  Rendering static_pages/home.html.erb within layouts/application
  Rendered static_pages/home.html.erb within layouts/application (0.5ms)
Completed 200 OK in 22ms (Views: 21.0ms)


Started GET "/static_pages/home" for 127.0.0.1 at 2017-07-28 08:24:28 +0700
Processing by StaticPagesController#home as HTML
  Rendering static_pages/home.html.erb within layouts/application
  Rendered static_pages/home.html.erb within layouts/application (0.5ms)
Completed 200 OK in 21ms (Views: 19.4ms)


Started GET "/static_pages/about" for 127.0.0.1 at 2017-07-28 08:24:37 +0700
Processing by StaticPagesController#about as HTML
  Rendering static_pages/about.html.erb within layouts/application
  Rendered static_pages/about.html.erb within layouts/application (0.7ms)
Completed 200 OK in 24ms (Views: 22.3ms)


Started GET "/static_pages/about" for 127.0.0.1 at 2017-07-28 08:24:37 +0700
Processing by StaticPagesController#about as HTML
  Rendering static_pages/about.html.erb within layouts/application
  Rendered static_pages/about.html.erb within layouts/application (0.7ms)
Completed 200 OK in 22ms (Views: 20.5ms)


Started GET "/static_pages/home" for 127.0.0.1 at 2017-07-28 08:24:40 +0700
Processing by StaticPagesController#home as HTML
  Rendering static_pages/home.html.erb within layouts/application
  Rendered static_pages/home.html.erb within layouts/application (0.8ms)
Completed 200 OK in 25ms (Views: 23.6ms)


Started GET "/static_pages/home" for 127.0.0.1 at 2017-07-28 08:24:41 +0700
Processing by StaticPagesController#home as HTML
  Rendering static_pages/home.html.erb within layouts/application
  Rendered static_pages/home.html.erb within layouts/application (0.4ms)
Completed 200 OK in 42ms (Views: 40.5ms)


Started GET "/static_pages/help" for 127.0.0.1 at 2017-07-28 08:24:45 +0700
Processing by StaticPagesController#help as HTML
  Rendering static_pages/help.html.erb within layouts/application
  Rendered static_pages/help.html.erb within layouts/application (0.5ms)
Completed 200 OK in 19ms (Views: 18.5ms)


Started GET "/static_pages/help" for 127.0.0.1 at 2017-07-28 08:24:47 +0700
Processing by StaticPagesController#help as HTML
  Rendering static_pages/help.html.erb within layouts/application
  Rendered static_pages/help.html.erb within layouts/application (0.6ms)
Completed 200 OK in 23ms (Views: 21.4ms)
  Rendered layouts/_header.html.erb (0.6ms)
  Rendered layouts/_footer.html.erb (0.7ms)
  Rendered layouts/_shim.html.erb (0.0ms)
Completed 200 OK in 33ms (Views: 31.6ms)


Started GET "/" for 127.0.0.1 at 2017-08-02 09:39:34 +0700
Processing by StaticPagesController#home as HTML
  Rendering static_pages/home.html.erb within layouts/application
  Rendered static_pages/home.html.erb within layouts/application (2.9ms)
  Rendered layouts/_shim.html.erb (0.5ms)
  Rendered layouts/_header.html.erb (0.7ms)
  Rendered layouts/_footer.html.erb (0.7ms)
  Rendered layouts/_shim.html.erb (0.0ms)
Completed 200 OK in 34ms (Views: 32.4ms)


Started GET "/" for 127.0.0.1 at 2017-08-02 09:39:35 +0700
Processing by StaticPagesController#home as HTML
  Rendering static_pages/home.html.erb within layouts/application
  Rendered static_pages/home.html.erb within layouts/application (2.6ms)
  Rendered layouts/_shim.html.erb (0.3ms)
  Rendered layouts/_header.html.erb (0.8ms)
  Rendered layouts/_footer.html.erb (0.9ms)
  Rendered layouts/_shim.html.erb (0.1ms)
Completed 200 OK in 35ms (Views: 32.7ms)


Started GET "/" for 127.0.0.1 at 2017-08-02 09:39:35 +0700
Processing by StaticPagesController#home as HTML
  Rendering static_pages/home.html.erb within layouts/application
  Rendered static_pages/home.html.erb within layouts/application (2.8ms)
  Rendered layouts/_shim.html.erb (0.3ms)
  Rendered layouts/_header.html.erb (1.2ms)
  Rendered layouts/_footer.html.erb (0.7ms)
  Rendered layouts/_shim.html.erb (0.0ms)
Completed 200 OK in 36ms (Views: 34.8ms)


Started GET "/" for 127.0.0.1 at 2017-08-02 09:39:35 +0700
Processing by StaticPagesController#home as HTML
  Rendering static_pages/home.html.erb within layouts/application
  Rendered static_pages/home.html.erb within layouts/application (2.7ms)
  Rendered layouts/_shim.html.erb (0.3ms)
  Rendered layouts/_header.html.erb (0.6ms)
  Rendered layouts/_footer.html.erb (0.7ms)
  Rendered layouts/_shim.html.erb (0.0ms)
Completed 200 OK in 33ms (Views: 31.2ms)


Started GET "/" for 127.0.0.1 at 2017-08-02 09:39:35 +0700
Processing by StaticPagesController#home as HTML
  Rendering static_pages/home.html.erb within layouts/application
  Rendered static_pages/home.html.erb within layouts/application (3.5ms)
  Rendered layouts/_shim.html.erb (0.3ms)
  Rendered layouts/_header.html.erb (0.8ms)
  Rendered layouts/_footer.html.erb (1.4ms)
  Rendered layouts/_shim.html.erb (0.0ms)
Completed 200 OK in 35ms (Views: 32.9ms)


Started GET "/" for 127.0.0.1 at 2017-08-02 09:39:35 +0700
Processing by StaticPagesController#home as HTML
  Rendering static_pages/home.html.erb within layouts/application
  Rendered static_pages/home.html.erb within layouts/application (2.9ms)
  Rendered layouts/_shim.html.erb (0.3ms)
  Rendered layouts/_header.html.erb (0.7ms)
  Rendered layouts/_footer.html.erb (1.0ms)
  Rendered layouts/_shim.html.erb (0.0ms)
Completed 200 OK in 43ms (Views: 41.1ms)


Started GET "/" for 127.0.0.1 at 2017-08-02 09:39:36 +0700
Processing by StaticPagesController#home as HTML
  Rendering static_pages/home.html.erb within layouts/application
  Rendered static_pages/home.html.erb within layouts/application (4.1ms)
  Rendered layouts/_shim.html.erb (0.3ms)
  Rendered layouts/_header.html.erb (0.9ms)
  Rendered layouts/_footer.html.erb (0.7ms)
  Rendered layouts/_shim.html.erb (0.0ms)
Completed 200 OK in 35ms (Views: 32.6ms)


Started GET "/" for 127.0.0.1 at 2017-08-02 09:39:36 +0700
Processing by StaticPagesController#home as HTML
  Rendering static_pages/home.html.erb within layouts/application
  Rendered static_pages/home.html.erb within layouts/application (2.3ms)
  Rendered layouts/_shim.html.erb (0.3ms)
  Rendered layouts/_header.html.erb (0.6ms)
  Rendered layouts/_footer.html.erb (0.7ms)
  Rendered layouts/_shim.html.erb (0.0ms)
Completed 200 OK in 32ms (Views: 30.6ms)


Started GET "/" for 127.0.0.1 at 2017-08-02 09:39:36 +0700
Processing by StaticPagesController#home as HTML
  Rendering static_pages/home.html.erb within layouts/application
  Rendered static_pages/home.html.erb within layouts/application (2.6ms)
  Rendered layouts/_shim.html.erb (0.3ms)
  Rendered layouts/_header.html.erb (0.6ms)
  Rendered layouts/_footer.html.erb (1.4ms)
  Rendered layouts/_shim.html.erb (0.0ms)
Completed 200 OK in 34ms (Views: 32.0ms)


Started GET "/" for 127.0.0.1 at 2017-08-02 10:25:07 +0700
Processing by StaticPagesController#home as HTML
  Rendering static_pages/home.html.erb within layouts/application
  Rendered static_pages/home.html.erb within layouts/application (1.8ms)
  Rendered layouts/_shim.html.erb (0.3ms)
  Rendered layouts/_header.html.erb (0.6ms)
  Rendered layouts/_footer.html.erb (0.7ms)
  Rendered layouts/_shim.html.erb (0.0ms)
Completed 200 OK in 37ms (Views: 36.3ms)


Started GET "/static_pages/home" for 127.0.0.1 at 2017-08-02 10:25:11 +0700

ActionController::RoutingError (No route matches [GET] "/static_pages/home"):

actionpack (5.1.2) lib/action_dispatch/middleware/debug_exceptions.rb:63:in `call'
web-console (3.5.1) lib/web_console/middleware.rb:135:in `call_app'
web-console (3.5.1) lib/web_console/middleware.rb:28:in `block in call'
web-console (3.5.1) lib/web_console/middleware.rb:18:in `catch'
web-console (3.5.1) lib/web_console/middleware.rb:18:in `call'
actionpack (5.1.2) lib/action_dispatch/middleware/show_exceptions.rb:31:in `call'
railties (5.1.2) lib/rails/rack/logger.rb:36:in `call_app'
railties (5.1.2) lib/rails/rack/logger.rb:24:in `block in call'
activesupport (5.1.2) lib/active_support/tagged_logging.rb:69:in `block in tagged'
activesupport (5.1.2) lib/active_support/tagged_logging.rb:26:in `tagged'
activesupport (5.1.2) lib/active_support/tagged_logging.rb:69:in `tagged'
railties (5.1.2) lib/rails/rack/logger.rb:24:in `call'
sprockets-rails (3.2.0) lib/sprockets/rails/quiet_assets.rb:13:in `call'
actionpack (5.1.2) lib/action_dispatch/middleware/remote_ip.rb:79:in `call'
actionpack (5.1.2) lib/action_dispatch/middleware/request_id.rb:25:in `call'
rack (2.0.3) lib/rack/method_override.rb:22:in `call'
rack (2.0.3) lib/rack/runtime.rb:22:in `call'
activesupport (5.1.2) lib/active_support/cache/strategy/local_cache_middleware.rb:27:in `call'
actionpack (5.1.2) lib/action_dispatch/middleware/executor.rb:12:in `call'
actionpack (5.1.2) lib/action_dispatch/middleware/static.rb:125:in `call'
rack (2.0.3) lib/rack/sendfile.rb:111:in `call'
railties (5.1.2) lib/rails/engine.rb:522:in `call'
puma (3.9.1) lib/puma/configuration.rb:224:in `call'
puma (3.9.1) lib/puma/server.rb:602:in `handle_request'
puma (3.9.1) lib/puma/server.rb:435:in `process_client'
puma (3.9.1) lib/puma/server.rb:299:in `block in run'
puma (3.9.1) lib/puma/thread_pool.rb:120:in `block in spawn_thread'
Started GET "/" for 127.0.0.1 at 2017-08-02 10:25:16 +0700
Processing by StaticPagesController#home as HTML
  Rendering static_pages/home.html.erb within layouts/application
  Rendered static_pages/home.html.erb within layouts/application (2.8ms)
  Rendered layouts/_shim.html.erb (0.3ms)
  Rendered layouts/_header.html.erb (0.6ms)
  Rendered layouts/_footer.html.erb (0.7ms)
  Rendered layouts/_shim.html.erb (0.0ms)
Completed 200 OK in 31ms (Views: 29.7ms)


Started GET "/" for 127.0.0.1 at 2017-08-02 10:25:46 +0700
Processing by StaticPagesController#home as HTML
  Rendering static_pages/home.html.erb within layouts/application
  Rendered static_pages/home.html.erb within layouts/application (7.3ms)
  Rendered layouts/_shim.html.erb (0.4ms)
  Rendered layouts/_header.html.erb (1.4ms)
  Rendered layouts/_footer.html.erb (0.9ms)
  Rendered layouts/_shim.html.erb (0.1ms)
Completed 200 OK in 41ms (Views: 39.8ms)


Started GET "/" for 127.0.0.1 at 2017-08-02 10:25:58 +0700
Processing by StaticPagesController#home as HTML
  Rendering static_pages/home.html.erb within layouts/application
  Rendered static_pages/home.html.erb within layouts/application (6.7ms)
  Rendered layouts/_shim.html.erb (0.3ms)
  Rendered layouts/_header.html.erb (0.7ms)
  Rendered layouts/_footer.html.erb (0.8ms)
  Rendered layouts/_shim.html.erb (0.0ms)
Completed 200 OK in 43ms (Views: 41.9ms)


Started GET "/about" for 127.0.0.1 at 2017-08-02 10:29:30 +0700
Processing by StaticPagesController#about as HTML
  Rendering static_pages/about.html.erb within layouts/application
  Rendered static_pages/about.html.erb within layouts/application (1.4ms)
  Rendered layouts/_shim.html.erb (0.3ms)
  Rendered layouts/_header.html.erb (0.6ms)
  Rendered layouts/_footer.html.erb (0.7ms)
  Rendered layouts/_shim.html.erb (0.0ms)
Completed 200 OK in 35ms (Views: 32.6ms)


Started GET "/about" for 127.0.0.1 at 2017-08-02 10:30:06 +0700
Processing by StaticPagesController#about as HTML
  Rendering static_pages/about.html.erb within layouts/application
  Rendered static_pages/about.html.erb within layouts/application (1.3ms)
  Rendered layouts/_shim.html.erb (0.3ms)
  Rendered layouts/_header.html.erb (0.6ms)
  Rendered layouts/_footer.html.erb (0.7ms)
  Rendered layouts/_shim.html.erb (0.0ms)
Completed 200 OK in 32ms (Views: 29.1ms)


Started GET "/" for 127.0.0.1 at 2017-08-02 10:45:43 +0700
Processing by StaticPagesController#home as HTML
  Rendering static_pages/home.html.erb within layouts/application
  Rendered static_pages/home.html.erb within layouts/application (215.2ms)
  Rendered layouts/_shim.html.erb (0.4ms)
  Rendered layouts/_header.html.erb (1.0ms)
  Rendered layouts/_footer.html.erb (0.8ms)
  Rendered layouts/_shim.html.erb (0.0ms)
Completed 200 OK in 487ms (Views: 277.9ms)


Started GET "/" for 127.0.0.1 at 2017-08-02 10:45:46 +0700
Processing by StaticPagesController#home as HTML
  Rendering static_pages/home.html.erb within layouts/application
  Rendered static_pages/home.html.erb within layouts/application (2.8ms)
  Rendered layouts/_shim.html.erb (0.3ms)
  Rendered layouts/_header.html.erb (0.7ms)
  Rendered layouts/_footer.html.erb (0.7ms)
  Rendered layouts/_shim.html.erb (0.0ms)
Completed 200 OK in 41ms (Views: 39.2ms)


Started GET "/help" for 127.0.0.1 at 2017-08-02 10:45:47 +0700
Processing by StaticPagesController#help as HTML
  Rendering static_pages/help.html.erb within layouts/application
  Rendered static_pages/help.html.erb within layouts/application (1.3ms)
  Rendered layouts/_shim.html.erb (0.4ms)
  Rendered layouts/_header.html.erb (1.0ms)
  Rendered layouts/_footer.html.erb (1.1ms)
  Rendered layouts/_shim.html.erb (0.0ms)
Completed 200 OK in 48ms (Views: 46.6ms)


Started GET "/contact" for 127.0.0.1 at 2017-08-02 10:45:50 +0700
Processing by StaticPagesController#contact as HTML
  Rendering static_pages/contact.html.erb within layouts/application
  Rendered static_pages/contact.html.erb within layouts/application (0.8ms)
  Rendered layouts/_shim.html.erb (0.3ms)
  Rendered layouts/_header.html.erb (1.0ms)
  Rendered layouts/_footer.html.erb (0.9ms)
  Rendered layouts/_shim.html.erb (0.1ms)
Completed 200 OK in 59ms (Views: 57.3ms)


Started GET "/about" for 127.0.0.1 at 2017-08-02 10:45:50 +0700
Processing by StaticPagesController#about as HTML
  Rendering static_pages/about.html.erb within layouts/application
  Rendered static_pages/about.html.erb within layouts/application (1.9ms)
  Rendered layouts/_shim.html.erb (0.3ms)
  Rendered layouts/_header.html.erb (0.8ms)
  Rendered layouts/_footer.html.erb (0.8ms)
  Rendered layouts/_shim.html.erb (0.0ms)
Completed 200 OK in 41ms (Views: 39.4ms)


Started GET "/" for 127.0.0.1 at 2017-08-02 12:56:22 +0700
Processing by StaticPagesController#home as HTML
  Rendering static_pages/home.html.erb within layouts/application
Started GET "/" for 127.0.0.1 at 2017-08-02 12:56:23 +0700
Processing by StaticPagesController#home as HTML
  Rendering static_pages/home.html.erb within layouts/application
  Rendered static_pages/home.html.erb within layouts/application (246.4ms)
  Rendered static_pages/home.html.erb within layouts/application (545.1ms)
  Rendered layouts/_shim.html.erb (0.8ms)
  Rendered layouts/_header.html.erb (2.1ms)
  Rendered layouts/_footer.html.erb (3.0ms)
  Rendered layouts/_shim.html.erb (0.1ms)
Completed 200 OK in 898ms (Views: 692.9ms)


  Rendered layouts/_shim.html.erb (0.5ms)
  Rendered layouts/_header.html.erb (1.1ms)
  Rendered layouts/_footer.html.erb (2.1ms)
  Rendered layouts/_shim.html.erb (0.0ms)
Completed 200 OK in 457ms (Views: 455.4ms)


Started GET "/signup" for 127.0.0.1 at 2017-08-02 13:44:10 +0700
Processing by UsersController#new as HTML
  Rendering users/new.html.erb within layouts/application
  Rendered users/new.html.erb within layouts/application (1.8ms)
Completed 500 Internal Server Error in 189ms



SyntaxError (/home/liemnguyen/Desktop/ROR/app/views/users/new.html.erb:2: syntax error, unexpected ')', expecting keyword_end
.append=( I18n.t("sign_up")) );@output_buffer.safe_append='<
                              ^
/home/liemnguyen/Desktop/ROR/app/views/users/new.html.erb:3: syntax error, unexpected ')', expecting keyword_end
I18n.t("sign_up_page_user")) );@output_buffer.safe_append='<
                              ^):

app/views/users/new.html.erb:2: syntax error, unexpected ')', expecting keyword_end
app/views/users/new.html.erb:3: syntax error, unexpected ')', expecting keyword_end
Started GET "/" for 127.0.0.1 at 2017-08-02 13:44:14 +0700
Processing by StaticPagesController#home as HTML
  Rendering static_pages/home.html.erb within layouts/application
  Rendered static_pages/home.html.erb within layouts/application (215.9ms)
  Rendered layouts/_shim.html.erb (0.5ms)
  Rendered layouts/_header.html.erb (0.7ms)
  Rendered layouts/_footer.html.erb (0.7ms)
  Rendered layouts/_shim.html.erb (0.0ms)
Completed 200 OK in 255ms (Views: 253.2ms)


Started GET "/" for 127.0.0.1 at 2017-08-02 13:44:16 +0700
Processing by StaticPagesController#home as HTML
  Rendering static_pages/home.html.erb within layouts/application
  Rendered static_pages/home.html.erb within layouts/application (2.7ms)
  Rendered layouts/_shim.html.erb (0.3ms)
  Rendered layouts/_header.html.erb (1.5ms)
  Rendered layouts/_footer.html.erb (0.8ms)
  Rendered layouts/_shim.html.erb (0.0ms)
Completed 200 OK in 39ms (Views: 37.1ms)


Started GET "/help" for 127.0.0.1 at 2017-08-02 13:44:17 +0700
Processing by StaticPagesController#help as HTML
  Rendering static_pages/help.html.erb within layouts/application
  Rendered static_pages/help.html.erb within layouts/application (1.8ms)
  Rendered layouts/_shim.html.erb (0.3ms)
  Rendered layouts/_header.html.erb (0.7ms)
  Rendered layouts/_footer.html.erb (0.8ms)
  Rendered layouts/_shim.html.erb (0.0ms)
Completed 200 OK in 71ms (Views: 69.1ms)


Started GET "/" for 127.0.0.1 at 2017-08-02 13:44:19 +0700
Processing by StaticPagesController#home as HTML
  Rendering static_pages/home.html.erb within layouts/application
  Rendered static_pages/home.html.erb within layouts/application (3.1ms)
  Rendered layouts/_shim.html.erb (0.3ms)
  Rendered layouts/_header.html.erb (0.8ms)
  Rendered layouts/_footer.html.erb (1.0ms)
  Rendered layouts/_shim.html.erb (0.0ms)
Completed 200 OK in 48ms (Views: 45.0ms)


Started GET "/contact" for 127.0.0.1 at 2017-08-02 13:44:20 +0700
Processing by StaticPagesController#contact as HTML
  Rendering static_pages/contact.html.erb within layouts/application
  Rendered static_pages/contact.html.erb within layouts/application (0.8ms)
  Rendered layouts/_shim.html.erb (0.4ms)
  Rendered layouts/_header.html.erb (0.9ms)
  Rendered layouts/_footer.html.erb (0.9ms)
  Rendered layouts/_shim.html.erb (0.0ms)
Completed 200 OK in 37ms (Views: 35.6ms)


Started GET "/new" for 127.0.0.1 at 2017-08-02 13:45:05 +0700

ActionController::RoutingError (No route matches [GET] "/new"):

actionpack (5.1.2) lib/action_dispatch/middleware/debug_exceptions.rb:63:in `call'
web-console (3.5.1) lib/web_console/middleware.rb:135:in `call_app'
web-console (3.5.1) lib/web_console/middleware.rb:28:in `block in call'
web-console (3.5.1) lib/web_console/middleware.rb:18:in `catch'
web-console (3.5.1) lib/web_console/middleware.rb:18:in `call'
actionpack (5.1.2) lib/action_dispatch/middleware/show_exceptions.rb:31:in `call'
railties (5.1.2) lib/rails/rack/logger.rb:36:in `call_app'
railties (5.1.2) lib/rails/rack/logger.rb:24:in `block in call'
activesupport (5.1.2) lib/active_support/tagged_logging.rb:69:in `block in tagged'
activesupport (5.1.2) lib/active_support/tagged_logging.rb:26:in `tagged'
activesupport (5.1.2) lib/active_support/tagged_logging.rb:69:in `tagged'
railties (5.1.2) lib/rails/rack/logger.rb:24:in `call'
sprockets-rails (3.2.0) lib/sprockets/rails/quiet_assets.rb:13:in `call'
actionpack (5.1.2) lib/action_dispatch/middleware/remote_ip.rb:79:in `call'
actionpack (5.1.2) lib/action_dispatch/middleware/request_id.rb:25:in `call'
rack (2.0.3) lib/rack/method_override.rb:22:in `call'
rack (2.0.3) lib/rack/runtime.rb:22:in `call'
activesupport (5.1.2) lib/active_support/cache/strategy/local_cache_middleware.rb:27:in `call'
actionpack (5.1.2) lib/action_dispatch/middleware/executor.rb:12:in `call'
actionpack (5.1.2) lib/action_dispatch/middleware/static.rb:125:in `call'
rack (2.0.3) lib/rack/sendfile.rb:111:in `call'
railties (5.1.2) lib/rails/engine.rb:522:in `call'
puma (3.9.1) lib/puma/configuration.rb:224:in `call'
puma (3.9.1) lib/puma/server.rb:602:in `handle_request'
puma (3.9.1) lib/puma/server.rb:435:in `process_client'
puma (3.9.1) lib/puma/server.rb:299:in `block in run'
puma (3.9.1) lib/puma/thread_pool.rb:120:in `block in spawn_thread'
Started GET "/users/news" for 127.0.0.1 at 2017-08-02 13:46:17 +0700

ActionController::RoutingError (No route matches [GET] "/users/news"):

actionpack (5.1.2) lib/action_dispatch/middleware/debug_exceptions.rb:63:in `call'
web-console (3.5.1) lib/web_console/middleware.rb:135:in `call_app'
web-console (3.5.1) lib/web_console/middleware.rb:28:in `block in call'
web-console (3.5.1) lib/web_console/middleware.rb:18:in `catch'
web-console (3.5.1) lib/web_console/middleware.rb:18:in `call'
actionpack (5.1.2) lib/action_dispatch/middleware/show_exceptions.rb:31:in `call'
railties (5.1.2) lib/rails/rack/logger.rb:36:in `call_app'
railties (5.1.2) lib/rails/rack/logger.rb:24:in `block in call'
activesupport (5.1.2) lib/active_support/tagged_logging.rb:69:in `block in tagged'
activesupport (5.1.2) lib/active_support/tagged_logging.rb:26:in `tagged'
activesupport (5.1.2) lib/active_support/tagged_logging.rb:69:in `tagged'
railties (5.1.2) lib/rails/rack/logger.rb:24:in `call'
sprockets-rails (3.2.0) lib/sprockets/rails/quiet_assets.rb:13:in `call'
actionpack (5.1.2) lib/action_dispatch/middleware/remote_ip.rb:79:in `call'
actionpack (5.1.2) lib/action_dispatch/middleware/request_id.rb:25:in `call'
rack (2.0.3) lib/rack/method_override.rb:22:in `call'
rack (2.0.3) lib/rack/runtime.rb:22:in `call'
activesupport (5.1.2) lib/active_support/cache/strategy/local_cache_middleware.rb:27:in `call'
actionpack (5.1.2) lib/action_dispatch/middleware/executor.rb:12:in `call'
actionpack (5.1.2) lib/action_dispatch/middleware/static.rb:125:in `call'
rack (2.0.3) lib/rack/sendfile.rb:111:in `call'
railties (5.1.2) lib/rails/engine.rb:522:in `call'
puma (3.9.1) lib/puma/configuration.rb:224:in `call'
puma (3.9.1) lib/puma/server.rb:602:in `handle_request'
puma (3.9.1) lib/puma/server.rb:435:in `process_client'
puma (3.9.1) lib/puma/server.rb:299:in `block in run'
puma (3.9.1) lib/puma/thread_pool.rb:120:in `block in spawn_thread'
Started GET "/users/new" for 127.0.0.1 at 2017-08-02 13:46:20 +0700
Processing by UsersController#new as HTML
  Rendering users/new.html.erb within layouts/application
  Rendered users/new.html.erb within layouts/application (1.9ms)
Completed 500 Internal Server Error in 6ms



SyntaxError (/home/liemnguyen/Desktop/ROR/app/views/users/new.html.erb:2: syntax error, unexpected ')', expecting keyword_end
.append=( I18n.t("sign_up")) );@output_buffer.safe_append='<
                              ^
/home/liemnguyen/Desktop/ROR/app/views/users/new.html.erb:3: syntax error, unexpected ')', expecting keyword_end
I18n.t("sign_up_page_user")) );@output_buffer.safe_append='<
                              ^):

app/views/users/new.html.erb:2: syntax error, unexpected ')', expecting keyword_end
app/views/users/new.html.erb:3: syntax error, unexpected ')', expecting keyword_end
Started GET "/users/new" for 127.0.0.1 at 2017-08-02 13:46:57 +0700
Processing by UsersController#new as HTML
  Rendering users/new.html.erb within layouts/application
  Rendered users/new.html.erb within layouts/application (1.1ms)
Completed 500 Internal Server Error in 5ms



SyntaxError (/home/liemnguyen/Desktop/ROR/app/views/users/new.html.erb:2: syntax error, unexpected ')', expecting keyword_end
.append=( I18n.t("sign_up")) );@output_buffer.safe_append='<
                              ^
/home/liemnguyen/Desktop/ROR/app/views/users/new.html.erb:3: syntax error, unexpected ')', expecting keyword_end
I18n.t("sign_up_page_user")) );@output_buffer.safe_append='<
                              ^):

app/views/users/new.html.erb:2: syntax error, unexpected ')', expecting keyword_end
app/views/users/new.html.erb:3: syntax error, unexpected ')', expecting keyword_end
Started GET "/users/new" for 127.0.0.1 at 2017-08-02 13:46:58 +0700
Processing by UsersController#new as HTML
  Rendering users/new.html.erb within layouts/application
  Rendered users/new.html.erb within layouts/application (0.8ms)
Completed 500 Internal Server Error in 5ms



SyntaxError (/home/liemnguyen/Desktop/ROR/app/views/users/new.html.erb:2: syntax error, unexpected ')', expecting keyword_end
.append=( I18n.t("sign_up")) );@output_buffer.safe_append='<
                              ^
/home/liemnguyen/Desktop/ROR/app/views/users/new.html.erb:3: syntax error, unexpected ')', expecting keyword_end
I18n.t("sign_up_page_user")) );@output_buffer.safe_append='<
                              ^):

app/views/users/new.html.erb:2: syntax error, unexpected ')', expecting keyword_end
app/views/users/new.html.erb:3: syntax error, unexpected ')', expecting keyword_end
Started GET "/users/new" for 127.0.0.1 at 2017-08-02 13:46:58 +0700
Processing by UsersController#new as HTML
  Rendering users/new.html.erb within layouts/application
  Rendered users/new.html.erb within layouts/application (1.4ms)
Completed 500 Internal Server Error in 5ms



SyntaxError (/home/liemnguyen/Desktop/ROR/app/views/users/new.html.erb:2: syntax error, unexpected ')', expecting keyword_end
.append=( I18n.t("sign_up")) );@output_buffer.safe_append='<
                              ^
/home/liemnguyen/Desktop/ROR/app/views/users/new.html.erb:3: syntax error, unexpected ')', expecting keyword_end
I18n.t("sign_up_page_user")) );@output_buffer.safe_append='<
                              ^):

app/views/users/new.html.erb:2: syntax error, unexpected ')', expecting keyword_end
app/views/users/new.html.erb:3: syntax error, unexpected ')', expecting keyword_end
Started GET "/users/new" for 127.0.0.1 at 2017-08-02 13:46:58 +0700
Processing by UsersController#new as HTML
  Rendering users/new.html.erb within layouts/application
  Rendered users/new.html.erb within layouts/application (0.7ms)
Completed 500 Internal Server Error in 3ms



SyntaxError (/home/liemnguyen/Desktop/ROR/app/views/users/new.html.erb:2: syntax error, unexpected ')', expecting keyword_end
.append=( I18n.t("sign_up")) );@output_buffer.safe_append='<
                              ^
/home/liemnguyen/Desktop/ROR/app/views/users/new.html.erb:3: syntax error, unexpected ')', expecting keyword_end
I18n.t("sign_up_page_user")) );@output_buffer.safe_append='<
                              ^):

app/views/users/new.html.erb:2: syntax error, unexpected ')', expecting keyword_end
app/views/users/new.html.erb:3: syntax error, unexpected ')', expecting keyword_end
Started GET "/users/new" for 127.0.0.1 at 2017-08-02 13:46:59 +0700
Processing by UsersController#new as HTML
  Rendering users/new.html.erb within layouts/application
  Rendered users/new.html.erb within layouts/application (0.6ms)
Completed 500 Internal Server Error in 4ms



SyntaxError (/home/liemnguyen/Desktop/ROR/app/views/users/new.html.erb:2: syntax error, unexpected ')', expecting keyword_end
.append=( I18n.t("sign_up")) );@output_buffer.safe_append='<
                              ^
/home/liemnguyen/Desktop/ROR/app/views/users/new.html.erb:3: syntax error, unexpected ')', expecting keyword_end
I18n.t("sign_up_page_user")) );@output_buffer.safe_append='<
                              ^):

app/views/users/new.html.erb:2: syntax error, unexpected ')', expecting keyword_end
app/views/users/new.html.erb:3: syntax error, unexpected ')', expecting keyword_end
Started GET "/users/new" for 127.0.0.1 at 2017-08-02 13:47:14 +0700
Processing by UsersController#new as HTML
  Rendering users/new.html.erb within layouts/application
  Rendered users/new.html.erb within layouts/application (0.7ms)
Completed 500 Internal Server Error in 4ms



SyntaxError (/home/liemnguyen/Desktop/ROR/app/views/users/new.html.erb:2: syntax error, unexpected ')', expecting keyword_end
uffer.append=( t("sign_up")) );@output_buffer.safe_append='<
                              ^
/home/liemnguyen/Desktop/ROR/app/views/users/new.html.erb:3: syntax error, unexpected ')', expecting keyword_end
I18n.t("sign_up_page_user")) );@output_buffer.safe_append='<
                              ^):

app/views/users/new.html.erb:2: syntax error, unexpected ')', expecting keyword_end
app/views/users/new.html.erb:3: syntax error, unexpected ')', expecting keyword_end
Started GET "/users/new" for 127.0.0.1 at 2017-08-02 13:47:21 +0700
Processing by UsersController#new as HTML
  Rendering users/new.html.erb within layouts/application
  Rendered users/new.html.erb within layouts/application (0.9ms)
Completed 500 Internal Server Error in 4ms



SyntaxError (/home/liemnguyen/Desktop/ROR/app/views/users/new.html.erb:2: syntax error, unexpected ')', expecting keyword_end
uffer.append=( t("sign_up")) );@output_buffer.safe_append='<
                              ^
/home/liemnguyen/Desktop/ROR/app/views/users/new.html.erb:3: syntax error, unexpected ')', expecting keyword_end
nd=( t("sign_up_page_user")) );@output_buffer.safe_append='<
                              ^):

app/views/users/new.html.erb:2: syntax error, unexpected ')', expecting keyword_end
app/views/users/new.html.erb:3: syntax error, unexpected ')', expecting keyword_end
Started GET "/users/new" for 127.0.0.1 at 2017-08-02 13:47:22 +0700
Processing by UsersController#new as HTML
  Rendering users/new.html.erb within layouts/application
  Rendered users/new.html.erb within layouts/application (1.4ms)
Completed 500 Internal Server Error in 8ms



SyntaxError (/home/liemnguyen/Desktop/ROR/app/views/users/new.html.erb:2: syntax error, unexpected ')', expecting keyword_end
uffer.append=( t("sign_up")) );@output_buffer.safe_append='<
                              ^
/home/liemnguyen/Desktop/ROR/app/views/users/new.html.erb:3: syntax error, unexpected ')', expecting keyword_end
nd=( t("sign_up_page_user")) );@output_buffer.safe_append='<
                              ^):

app/views/users/new.html.erb:2: syntax error, unexpected ')', expecting keyword_end
app/views/users/new.html.erb:3: syntax error, unexpected ')', expecting keyword_end
Started GET "/users/new" for 127.0.0.1 at 2017-08-02 13:47:45 +0700
Processing by UsersController#new as HTML
  Rendering users/new.html.erb within layouts/application
  Rendered users/new.html.erb within layouts/application (0.8ms)
  Rendered layouts/_shim.html.erb (0.7ms)
  Rendered layouts/_header.html.erb (0.7ms)
  Rendered layouts/_footer.html.erb (0.9ms)
  Rendered layouts/_shim.html.erb (0.0ms)
Completed 200 OK in 39ms (Views: 37.7ms)


Started GET "/users/new" for 127.0.0.1 at 2017-08-02 13:48:12 +0700
Processing by UsersController#new as HTML
  Rendering users/new.html.erb within layouts/application
  Rendered users/new.html.erb within layouts/application (6.0ms)
  Rendered layouts/_shim.html.erb (0.3ms)
  Rendered layouts/_header.html.erb (1.8ms)
  Rendered layouts/_footer.html.erb (0.8ms)
  Rendered layouts/_shim.html.erb (0.0ms)
Completed 200 OK in 40ms (Views: 39.4ms)


Started GET "/users/new" for 127.0.0.1 at 2017-08-02 13:48:13 +0700
Processing by UsersController#new as HTML
  Rendering users/new.html.erb within layouts/application
  Rendered users/new.html.erb within layouts/application (1.1ms)
  Rendered layouts/_shim.html.erb (0.3ms)
  Rendered layouts/_header.html.erb (0.7ms)
  Rendered layouts/_footer.html.erb (0.7ms)
  Rendered layouts/_shim.html.erb (0.0ms)
Completed 200 OK in 34ms (Views: 32.8ms)


Started GET "/users/new" for 127.0.0.1 at 2017-08-02 13:48:13 +0700
Processing by UsersController#new as HTML
  Rendering users/new.html.erb within layouts/application
  Rendered users/new.html.erb within layouts/application (0.9ms)
  Rendered layouts/_shim.html.erb (0.3ms)
  Rendered layouts/_header.html.erb (0.7ms)
  Rendered layouts/_footer.html.erb (0.7ms)
  Rendered layouts/_shim.html.erb (0.0ms)
Completed 200 OK in 38ms (Views: 36.3ms)


Started GET "/users/new" for 127.0.0.1 at 2017-08-02 13:48:13 +0700
Processing by UsersController#new as HTML
  Rendering users/new.html.erb within layouts/application
  Rendered users/new.html.erb within layouts/application (1.0ms)
  Rendered layouts/_shim.html.erb (0.3ms)
  Rendered layouts/_header.html.erb (0.7ms)
  Rendered layouts/_footer.html.erb (0.7ms)
  Rendered layouts/_shim.html.erb (0.0ms)
Completed 200 OK in 36ms (Views: 33.2ms)


Started GET "/users/new" for 127.0.0.1 at 2017-08-02 13:48:13 +0700
Processing by UsersController#new as HTML
  Rendering users/new.html.erb within layouts/application
  Rendered users/new.html.erb within layouts/application (1.4ms)
  Rendered layouts/_shim.html.erb (0.4ms)
  Rendered layouts/_header.html.erb (1.2ms)
  Rendered layouts/_footer.html.erb (0.8ms)
  Rendered layouts/_shim.html.erb (0.1ms)
Completed 200 OK in 36ms (Views: 34.9ms)


Started GET "/users/new" for 127.0.0.1 at 2017-08-02 13:48:14 +0700
Processing by UsersController#new as HTML
  Rendering users/new.html.erb within layouts/application
  Rendered users/new.html.erb within layouts/application (2.3ms)
  Rendered layouts/_shim.html.erb (0.3ms)
  Rendered layouts/_header.html.erb (0.7ms)
  Rendered layouts/_footer.html.erb (0.8ms)
  Rendered layouts/_shim.html.erb (0.0ms)
Completed 200 OK in 45ms (Views: 43.1ms)


Started GET "/" for 127.0.0.1 at 2017-08-02 14:10:41 +0700
Processing by StaticPagesController#home as HTML
  Rendering static_pages/home.html.erb within layouts/application
  Rendered static_pages/home.html.erb within layouts/application (196.3ms)
  Rendered layouts/_shim.html.erb (0.9ms)
  Rendered layouts/_header.html.erb (0.7ms)
  Rendered layouts/_footer.html.erb (0.7ms)
  Rendered layouts/_shim.html.erb (0.0ms)
Completed 200 OK in 434ms (Views: 238.6ms)


Started GET "/" for 127.0.0.1 at 2017-08-04 14:33:33 +0700
Processing by StaticPagesController#home as HTML
  Rendering static_pages/home.html.erb within layouts/application
  Rendered static_pages/home.html.erb within layouts/application (3463.4ms)
  Rendered layouts/_shim.html.erb (0.5ms)
  Rendered layouts/_header.html.erb (0.9ms)
  Rendered layouts/_footer.html.erb (1.0ms)
  Rendered layouts/_shim.html.erb (0.1ms)
Completed 200 OK in 3723ms (Views: 3545.7ms)


Started GET "/" for 127.0.0.1 at 2017-08-04 15:23:52 +0700
Processing by StaticPagesController#home as HTML
  Rendering static_pages/home.html.erb within layouts/application
  Rendered static_pages/home.html.erb within layouts/application (3584.8ms)
  Rendered layouts/_shim.html.erb (0.4ms)
  Rendered layouts/_header.html.erb (1.3ms)
  Rendered layouts/_footer.html.erb (0.9ms)
  Rendered layouts/_shim.html.erb (0.0ms)
Completed 200 OK in 3888ms (Views: 3681.3ms)
Started GET "/" for 127.0.0.1 at 2017-08-09 18:50:39 +0700
Processing by StaticPagesController#home as HTML
  Rendering static_pages/home.html.erb within layouts/application
  Rendered static_pages/home.html.erb within layouts/application (216.5ms)
Completed 500 Internal Server Error in 393ms



ActionView::Template::Error (Invalid CSS after "...-light: #eaeaea": expected "{", was ";"):
     8:   </h2>
     9:   <%= link_to t("signup"), signup_path, class: "btn btn-lg btn-primary" %>
    10: </div>
    11: <%= link_to image_tag("rails.png", alt: "Rails logo"),
    12:             'http://rubyonrails.org/' %>

app/assets/stylesheets/custom.scss:8
app/views/static_pages/home.html.erb:11:in `_app_views_static_pages_home_html_erb___2542760648261716599_35244420'
Started GET "/" for 127.0.0.1 at 2017-08-09 18:50:40 +0700
Processing by StaticPagesController#home as HTML
  Rendering static_pages/home.html.erb within layouts/application
  Rendered static_pages/home.html.erb within layouts/application (12.4ms)
Completed 500 Internal Server Error in 15ms



ActionView::Template::Error (Invalid CSS after "...-light: #eaeaea": expected "{", was ";"):
     8:   </h2>
     9:   <%= link_to t("signup"), signup_path, class: "btn btn-lg btn-primary" %>
    10: </div>
    11: <%= link_to image_tag("rails.png", alt: "Rails logo"),
    12:             'http://rubyonrails.org/' %>

app/assets/stylesheets/custom.scss:8
app/views/static_pages/home.html.erb:11:in `_app_views_static_pages_home_html_erb___2542760648261716599_70083280617760'
Started GET "/" for 127.0.0.1 at 2017-08-09 18:51:28 +0700
Processing by StaticPagesController#home as HTML
  Rendering static_pages/home.html.erb within layouts/application
  Rendered static_pages/home.html.erb within layouts/application (3270.7ms)
  Rendered layouts/_shim.html.erb (0.3ms)
  Rendered layouts/_header.html.erb (0.7ms)
  Rendered layouts/_footer.html.erb (0.7ms)
Completed 200 OK in 3352ms (Views: 3351.2ms)


Started GET "/" for 127.0.0.1 at 2017-08-09 19:08:55 +0700
Processing by StaticPagesController#home as HTML
  Rendering static_pages/home.html.erb within layouts/application
  Rendered static_pages/home.html.erb within layouts/application (4.1ms)
Started GET "/" for 127.0.0.1 at 2017-08-09 19:08:55 +0700
Processing by StaticPagesController#home as HTML
  Rendering static_pages/home.html.erb within layouts/application
  Rendered static_pages/home.html.erb within layouts/application (1.7ms)
  Rendered layouts/_shim.html.erb (0.3ms)
  Rendered layouts/_header.html.erb (0.7ms)
  Rendered layouts/_footer.html.erb (0.7ms)
Completed 200 OK in 5566ms (Views: 5565.4ms)


  Rendered layouts/_shim.html.erb (0.3ms)
  Rendered layouts/_header.html.erb (0.7ms)
  Rendered layouts/_footer.html.erb (0.7ms)
Completed 200 OK in 4694ms (Views: 4692.6ms)


Started GET "/" for 127.0.0.1 at 2017-08-09 19:09:03 +0700
Processing by StaticPagesController#home as HTML
  Rendering static_pages/home.html.erb within layouts/application
  Rendered static_pages/home.html.erb within layouts/application (1.7ms)
  Rendered layouts/_shim.html.erb (0.3ms)
  Rendered layouts/_header.html.erb (0.7ms)
  Rendered layouts/_footer.html.erb (0.7ms)
Completed 200 OK in 33ms (Views: 32.4ms)


Started GET "/help" for 127.0.0.1 at 2017-08-09 19:09:04 +0700
Processing by StaticPagesController#help as HTML
  Rendering static_pages/help.html.erb within layouts/application
  Rendered static_pages/help.html.erb within layouts/application (1.1ms)
  Rendered layouts/_shim.html.erb (0.3ms)
  Rendered layouts/_header.html.erb (0.7ms)
  Rendered layouts/_footer.html.erb (0.7ms)
Completed 200 OK in 34ms (Views: 32.2ms)


Started GET "/help" for 127.0.0.1 at 2017-08-09 19:09:05 +0700
Processing by StaticPagesController#help as HTML
  Rendering static_pages/help.html.erb within layouts/application
  Rendered static_pages/help.html.erb within layouts/application (1.0ms)
  Rendered layouts/_shim.html.erb (0.3ms)
  Rendered layouts/_header.html.erb (0.7ms)
  Rendered layouts/_footer.html.erb (0.7ms)
Completed 200 OK in 33ms (Views: 31.2ms)


Started GET "/help" for 127.0.0.1 at 2017-08-09 19:09:07 +0700
Processing by StaticPagesController#help as HTML
  Rendering static_pages/help.html.erb within layouts/application
  Rendered static_pages/help.html.erb within layouts/application (0.9ms)
  Rendered layouts/_shim.html.erb (0.3ms)
  Rendered layouts/_header.html.erb (0.7ms)
  Rendered layouts/_footer.html.erb (0.7ms)
Completed 200 OK in 33ms (Views: 30.6ms)


Started GET "/help" for 127.0.0.1 at 2017-08-09 19:09:08 +0700
Processing by StaticPagesController#help as HTML
  Rendering static_pages/help.html.erb within layouts/application
  Rendered static_pages/help.html.erb within layouts/application (1.3ms)
  Rendered layouts/_shim.html.erb (0.4ms)
  Rendered layouts/_header.html.erb (1.8ms)
  Rendered layouts/_footer.html.erb (0.8ms)
Completed 200 OK in 36ms (Views: 34.0ms)


Started GET "/" for 127.0.0.1 at 2017-08-09 19:09:09 +0700
Processing by StaticPagesController#home as HTML
  Rendering static_pages/home.html.erb within layouts/application
  Rendered static_pages/home.html.erb within layouts/application (2.6ms)
  Rendered layouts/_shim.html.erb (0.3ms)
  Rendered layouts/_header.html.erb (0.9ms)
  Rendered layouts/_footer.html.erb (1.0ms)
Completed 200 OK in 39ms (Views: 37.6ms)


Started GET "/contact" for 127.0.0.1 at 2017-08-09 19:09:10 +0700
Processing by StaticPagesController#contact as HTML
  Rendering static_pages/contact.html.erb within layouts/application
  Rendered static_pages/contact.html.erb within layouts/application (1.0ms)
  Rendered layouts/_shim.html.erb (0.3ms)
  Rendered layouts/_header.html.erb (0.7ms)
  Rendered layouts/_footer.html.erb (0.7ms)
Completed 200 OK in 36ms (Views: 34.9ms)


Started GET "/" for 127.0.0.1 at 2017-08-09 19:09:52 +0700
Processing by StaticPagesController#home as HTML
  Rendering static_pages/home.html.erb within layouts/application
  Rendered static_pages/home.html.erb within layouts/application (3.1ms)
  Rendered layouts/_shim.html.erb (0.3ms)
  Rendered layouts/_header.html.erb (1.2ms)
  Rendered layouts/_footer.html.erb (0.7ms)
Completed 200 OK in 39ms (Views: 36.5ms)
